-------------------------------------------------------------------------------
Test set: com.doctor.DoctorServiceApplicationTests
-------------------------------------------------------------------------------
Tests run: 1, Failures: 0, Errors: 1, Skipped: 0, Time elapsed: 40.594 s <<< FAILURE! - in com.doctor.DoctorServiceApplicationTests
contextLoads  Time elapsed: 0.006 s  <<< ERROR!
java.lang.IllegalStateException: Failed to load ApplicationContext
Caused by: org.springframework.context.ApplicationContextException: Failed to start bean 'documentationPluginsBootstrapper'; nested exception is java.lang.NullPointerException
Caused by: java.lang.NullPointerException

